#
# A fatal error has been detected by the Java Runtime Environment:
#
#  Internal Error (javaClasses.cpp:136), pid=24627, tid=140335583094528
#  fatal error: Invalid layout of preloaded class
#
# JRE version:  (7.0_40-b20) (build )
# Java VM: OpenJDK 64-Bit Server VM (24.0-b40 mixed mode linux-amd64 compressed oops)
# Failed to write core dump. Core dumps have been disabled. To enable core dumping, try "ulimit -c unlimited" before starting Java again
#
# If you would like to submit a bug report, please include
# instructions on how to reproduce the bug and visit:
#   http://icedtea.classpath.org/bugzilla
#

---------------  T H R E A D  ---------------

Current thread (0x00007fa264009000):  JavaThread "Unknown thread" [_thread_in_vm, id=24629, stack(0x00007fa26c846000,0x00007fa26c947000)]

Stack: [0x00007fa26c846000,0x00007fa26c947000],  sp=0x00007fa26c9459c0,  free space=1022k
Native frames: (J=compiled Java code, j=interpreted, Vv=VM code, C=native code)
V  [libjvm.so+0x92e955]  JVM_handle_linux_signal+0x179365
V  [libjvm.so+0x47a844]  dlerror+0x47a844
V  [libjvm.so+0x5d2d7a]  AsyncGetCallTrace+0xda6ca
V  [libjvm.so+0x5d3386]  AsyncGetCallTrace+0xdacd6
V  [libjvm.so+0x8b1aac]  JVM_handle_linux_signal+0xfc4bc
V  [libjvm.so+0x900298]  JVM_handle_linux_signal+0x14aca8
V  [libjvm.so+0x9008a4]  JVM_handle_linux_signal+0x14b2b4
V  [libjvm.so+0x58746a]  AsyncGetCallTrace+0x8edba
V  [libjvm.so+0x8e33df]  JVM_handle_linux_signal+0x12ddef
V  [libjvm.so+0x5f1cb1]  JNI_CreateJavaVM+0x51
C  [libjli.so+0x29b8]  getenv+0x29b8


---------------  P R O C E S S  ---------------

Java Threads: ( => current thread )

Other Threads:

=>0x00007fa264009000 (exited) JavaThread "Unknown thread" [_thread_in_vm, id=24629, stack(0x00007fa26c846000,0x00007fa26c947000)]

VM state:not at safepoint (not fully initialized)

VM Mutex/Monitor currently owned by a thread: None

GC Heap History (0 events):
No events

Deoptimization events (0 events):
No events

Internal exceptions (0 events):
No events

Events (10 events):
Event: 0.005 loading class 0x00007fa2688336f0 done
Event: 0.005 loading class 0x00007fa268833110 done
Event: 0.005 loading class 0x00007fa2688330f0
Event: 0.005 loading class 0x00007fa26883b0e0
Event: 0.005 loading class 0x00007fa26883b0e0 done
Event: 0.005 loading class 0x00007fa26883b110
Event: 0.005 loading class 0x00007fa26883b110 done
Event: 0.005 loading class 0x00007fa26883b140
Event: 0.005 loading class 0x00007fa26883b140 done
Event: 0.005 loading class 0x00007fa2688330f0 done


Dynamic libraries:
00400000-00401000 r-xp 00000000 08:11 7082288                            /usr/lib/jvm/java-7-openjdk/jre/bin/java
00600000-00601000 rw-p 00000000 08:11 7082288                            /usr/lib/jvm/java-7-openjdk/jre/bin/java
00f59000-00f7a000 rw-p 00000000 00:00 0                                  [heap]
73b800000-73ccc0000 rw-p 00000000 00:00 0 
73ccc0000-745e00000 rw-p 00000000 00:00 0 
745e00000-74da10000 rw-p 00000000 00:00 0 
74da10000-7c1f60000 rw-p 00000000 00:00 0 
7c1f60000-7c5d60000 rw-p 00000000 00:00 0 
7c5d60000-800000000 rw-p 00000000 00:00 0 
7fa22ddc0000-7fa234000000 rw-p 00000000 00:00 0 
7fa234000000-7fa234021000 rw-p 00000000 00:00 0 
7fa234021000-7fa238000000 ---p 00000000 00:00 0 
7fa23c000000-7fa23c021000 rw-p 00000000 00:00 0 
7fa23c021000-7fa240000000 ---p 00000000 00:00 0 
7fa244000000-7fa244021000 rw-p 00000000 00:00 0 
7fa244021000-7fa248000000 ---p 00000000 00:00 0 
7fa248000000-7fa248021000 rw-p 00000000 00:00 0 
7fa248021000-7fa24c000000 ---p 00000000 00:00 0 
7fa24c000000-7fa24c021000 rw-p 00000000 00:00 0 
7fa24c021000-7fa250000000 ---p 00000000 00:00 0 
7fa250000000-7fa250021000 rw-p 00000000 00:00 0 
7fa250021000-7fa254000000 ---p 00000000 00:00 0 
7fa254000000-7fa254021000 rw-p 00000000 00:00 0 
7fa254021000-7fa258000000 ---p 00000000 00:00 0 
7fa25a770000-7fa25c000000 rw-p 00000000 00:00 0 
7fa25c000000-7fa25c021000 rw-p 00000000 00:00 0 
7fa25c021000-7fa260000000 ---p 00000000 00:00 0 
7fa261000000-7fa261270000 rwxp 00000000 00:00 0 
7fa261270000-7fa26405e000 rw-p 00000000 00:00 0 
7fa26405e000-7fa268000000 ---p 00000000 00:00 0 
7fa268749000-7fa26876d000 rw-p 00000000 00:00 0 
7fa26876d000-7fa268833000 r--s 0116f000 08:11 4069295                    /opt/android-sdk/platforms/android-17/android.jar
7fa268833000-7fa2688b6000 rw-p 00000000 00:00 0 
7fa2688b6000-7fa2688b7000 ---p 00000000 00:00 0 
7fa2688b7000-7fa2689b7000 rw-p 00000000 00:00 0                          [stack:24637]
7fa2689b7000-7fa2689b8000 ---p 00000000 00:00 0 
7fa2689b8000-7fa268ab8000 rw-p 00000000 00:00 0                          [stack:24636]
7fa268ab8000-7fa268ab9000 ---p 00000000 00:00 0 
7fa268ab9000-7fa268bb9000 rw-p 00000000 00:00 0                          [stack:24635]
7fa268bb9000-7fa268bba000 ---p 00000000 00:00 0 
7fa268bba000-7fa268cba000 rw-p 00000000 00:00 0                          [stack:24634]
7fa268cba000-7fa268cbb000 ---p 00000000 00:00 0 
7fa268cbb000-7fa268dbb000 rw-p 00000000 00:00 0                          [stack:24633]
7fa268dbb000-7fa268dbc000 ---p 00000000 00:00 0 
7fa268dbc000-7fa268ebc000 rw-p 00000000 00:00 0                          [stack:24632]
7fa268ebc000-7fa268ebd000 ---p 00000000 00:00 0 
7fa268ebd000-7fa268fbd000 rw-p 00000000 00:00 0                          [stack:24631]
7fa268fbd000-7fa268fbe000 ---p 00000000 00:00 0 
7fa268fbe000-7fa2690c9000 rw-p 00000000 00:00 0                          [stack:24630]
7fa2690c9000-7fa269111000 rw-p 00000000 00:00 0 
7fa269111000-7fa269150000 rw-p 00000000 00:00 0 
7fa269150000-7fa2694f2000 rw-p 00000000 00:00 0 
7fa2694f2000-7fa2694fd000 rw-p 00000000 00:00 0 
7fa2694fd000-7fa269545000 rw-p 00000000 00:00 0 
7fa269545000-7fa269584000 rw-p 00000000 00:00 0 
7fa269584000-7fa269925000 rw-p 00000000 00:00 0 
7fa269925000-7fa269945000 rw-p 00000000 00:00 0 
7fa269945000-7fa269b16000 rw-p 00000000 00:00 0 
7fa269b16000-7fa269b17000 rw-p 00000000 00:00 0 
7fa269b17000-7fa269b1f000 r-xp 00000000 08:11 7477160                    /usr/lib/jvm/java-7-openjdk/jre/lib/amd64/libzip.so
7fa269b1f000-7fa269d1e000 ---p 00008000 08:11 7477160                    /usr/lib/jvm/java-7-openjdk/jre/lib/amd64/libzip.so
7fa269d1e000-7fa269d1f000 rw-p 00007000 08:11 7477160                    /usr/lib/jvm/java-7-openjdk/jre/lib/amd64/libzip.so
7fa269d1f000-7fa269d2a000 r-xp 00000000 08:11 6819086                    /usr/lib/libnss_files-2.17.so
7fa269d2a000-7fa269f2a000 ---p 0000b000 08:11 6819086                    /usr/lib/libnss_files-2.17.so
7fa269f2a000-7fa269f2b000 r--p 0000b000 08:11 6819086                    /usr/lib/libnss_files-2.17.so
7fa269f2b000-7fa269f2c000 rw-p 0000c000 08:11 6819086                    /usr/lib/libnss_files-2.17.so
7fa269f2c000-7fa269f57000 r-xp 00000000 08:11 7477159                    /usr/lib/jvm/java-7-openjdk/jre/lib/amd64/libjava.so
7fa269f57000-7fa26a156000 ---p 0002b000 08:11 7477159                    /usr/lib/jvm/java-7-openjdk/jre/lib/amd64/libjava.so
7fa26a156000-7fa26a158000 rw-p 0002a000 08:11 7477159                    /usr/lib/jvm/java-7-openjdk/jre/lib/amd64/libjava.so
7fa26a158000-7fa26a165000 r-xp 00000000 08:11 7476902                    /usr/lib/jvm/java-7-openjdk/jre/lib/amd64/libverify.so
7fa26a165000-7fa26a364000 ---p 0000d000 08:11 7476902                    /usr/lib/jvm/java-7-openjdk/jre/lib/amd64/libverify.so
7fa26a364000-7fa26a366000 rw-p 0000c000 08:11 7476902                    /usr/lib/jvm/java-7-openjdk/jre/lib/amd64/libverify.so
7fa26a366000-7fa26a36d000 r-xp 00000000 08:11 6819067                    /usr/lib/librt-2.17.so
7fa26a36d000-7fa26a56c000 ---p 00007000 08:11 6819067                    /usr/lib/librt-2.17.so
7fa26a56c000-7fa26a56d000 r--p 00006000 08:11 6819067                    /usr/lib/librt-2.17.so
7fa26a56d000-7fa26a56e000 rw-p 00007000 08:11 6819067                    /usr/lib/librt-2.17.so
7fa26a56e000-7fa26a583000 r-xp 00000000 08:11 6822094                    /usr/lib/libgcc_s.so.1
7fa26a583000-7fa26a783000 ---p 00015000 08:11 6822094                    /usr/lib/libgcc_s.so.1
7fa26a783000-7fa26a784000 rw-p 00015000 08:11 6822094                    /usr/lib/libgcc_s.so.1
7fa26a784000-7fa26a881000 r-xp 00000000 08:11 6819084                    /usr/lib/libm-2.17.so
7fa26a881000-7fa26aa80000 ---p 000fd000 08:11 6819084                    /usr/lib/libm-2.17.so
7fa26aa80000-7fa26aa81000 r--p 000fc000 08:11 6819084                    /usr/lib/libm-2.17.so
7fa26aa81000-7fa26aa82000 rw-p 000fd000 08:11 6819084                    /usr/lib/libm-2.17.so
7fa26aa82000-7fa26ab68000 r-xp 00000000 08:11 6822088                    /usr/lib/libstdc++.so.6.0.18
7fa26ab68000-7fa26ad67000 ---p 000e6000 08:11 6822088                    /usr/lib/libstdc++.so.6.0.18
7fa26ad67000-7fa26ad6f000 r--p 000e5000 08:11 6822088                    /usr/lib/libstdc++.so.6.0.18
7fa26ad6f000-7fa26ad71000 rw-p 000ed000 08:11 6822088                    /usr/lib/libstdc++.so.6.0.18
7fa26ad71000-7fa26ad86000 rw-p 00000000 00:00 0 
7fa26ad86000-7fa26b87c000 r-xp 00000000 08:11 7479595                    /usr/lib/jvm/java-7-openjdk/jre/lib/amd64/server/libjvm.so
7fa26b87c000-7fa26ba7b000 ---p 00af6000 08:11 7479595                    /usr/lib/jvm/java-7-openjdk/jre/lib/amd64/server/libjvm.so
7fa26ba7b000-7fa26bb36000 rw-p 00af5000 08:11 7479595                    /usr/lib/jvm/java-7-openjdk/jre/lib/amd64/server/libjvm.so
7fa26bb36000-7fa26bb63000 rw-p 00000000 00:00 0 
7fa26bb63000-7fa26bb78000 r-xp 00000000 08:11 6822134                    /usr/lib/libz.so.1.2.8
7fa26bb78000-7fa26bd77000 ---p 00015000 08:11 6822134                    /usr/lib/libz.so.1.2.8
7fa26bd77000-7fa26bd78000 r--p 00014000 08:11 6822134                    /usr/lib/libz.so.1.2.8
7fa26bd78000-7fa26bd79000 rw-p 00015000 08:11 6822134                    /usr/lib/libz.so.1.2.8
7fa26bd79000-7fa26bf1c000 r-xp 00000000 08:11 6819039                    /usr/lib/libc-2.17.so
7fa26bf1c000-7fa26c11c000 ---p 001a3000 08:11 6819039                    /usr/lib/libc-2.17.so
7fa26c11c000-7fa26c120000 r--p 001a3000 08:11 6819039                    /usr/lib/libc-2.17.so
7fa26c120000-7fa26c122000 rw-p 001a7000 08:11 6819039                    /usr/lib/libc-2.17.so
7fa26c122000-7fa26c126000 rw-p 00000000 00:00 0 
7fa26c126000-7fa26c129000 r-xp 00000000 08:11 6819062                    /usr/lib/libdl-2.17.so
7fa26c129000-7fa26c328000 ---p 00003000 08:11 6819062                    /usr/lib/libdl-2.17.so
7fa26c328000-7fa26c329000 r--p 00002000 08:11 6819062                    /usr/lib/libdl-2.17.so
7fa26c329000-7fa26c32a000 rw-p 00003000 08:11 6819062                    /usr/lib/libdl-2.17.so
7fa26c32a000-7fa26c337000 r-xp 00000000 08:11 7478885                    /usr/lib/jvm/java-7-openjdk/jre/lib/amd64/jli/libjli.so
7fa26c337000-7fa26c536000 ---p 0000d000 08:11 7478885                    /usr/lib/jvm/java-7-openjdk/jre/lib/amd64/jli/libjli.so
7fa26c536000-7fa26c537000 rw-p 0000c000 08:11 7478885                    /usr/lib/jvm/java-7-openjdk/jre/lib/amd64/jli/libjli.so
7fa26c537000-7fa26c54e000 r-xp 00000000 08:11 6819058                    /usr/lib/libpthread-2.17.so
7fa26c54e000-7fa26c74d000 ---p 00017000 08:11 6819058                    /usr/lib/libpthread-2.17.so
7fa26c74d000-7fa26c74e000 r--p 00016000 08:11 6819058                    /usr/lib/libpthread-2.17.so
7fa26c74e000-7fa26c74f000 rw-p 00017000 08:11 6819058                    /usr/lib/libpthread-2.17.so
7fa26c74f000-7fa26c753000 rw-p 00000000 00:00 0 
7fa26c753000-7fa26c774000 r-xp 00000000 08:11 6819046                    /usr/lib/ld-2.17.so
7fa26c786000-7fa26c790000 rw-p 00000000 00:00 0 
7fa26c790000-7fa26c846000 rw-p 00000000 00:00 0 
7fa26c846000-7fa26c849000 ---p 00000000 00:00 0 
7fa26c849000-7fa26c94b000 rw-p 00000000 00:00 0                          [stack:24629]
7fa26c967000-7fa26c969000 rw-p 00000000 00:00 0 
7fa26c969000-7fa26c971000 rw-s 00000000 00:1e 1827338                    /tmp/hsperfdata_bryan/24627
7fa26c971000-7fa26c972000 rw-p 00000000 00:00 0 
7fa26c972000-7fa26c973000 r--p 00000000 00:00 0 
7fa26c973000-7fa26c974000 rw-p 00000000 00:00 0 
7fa26c974000-7fa26c975000 r--p 00021000 08:11 6819046                    /usr/lib/ld-2.17.so
7fa26c975000-7fa26c976000 rw-p 00022000 08:11 6819046                    /usr/lib/ld-2.17.so
7fa26c976000-7fa26c977000 rw-p 00000000 00:00 0 
7fff53542000-7fff53563000 rw-p 00000000 00:00 0                          [stack]
7fff535ce000-7fff535d0000 r-xp 00000000 00:00 0                          [vdso]
ffffffffff600000-ffffffffff601000 r-xp 00000000 00:00 0                  [vsyscall]

VM Arguments:
jvm_args: -Dfile.encoding=UTF-8 -Xbootclasspath:/opt/android-sdk/platforms/android-17/android.jar:/opt/android-sdk/add-ons/addon-google_apis-google-17/libs/effects.jar:/opt/android-sdk/add-ons/addon-google_apis-google-17/libs/usb.jar:/opt/android-sdk/add-ons/addon-google_apis-google-17/libs/maps.jar 
java_command: com.souvenir.android.SNote
Launcher Type: SUN_STANDARD

Environment Variables:
JAVA_HOME=/usr/lib/jvm/java-7-openjdk
PATH=/home/bryan/bin:/usr/local/sbin:/usr/local/bin:/usr/bin:/opt/android-sdk/platform-tools:/opt/android-sdk/tools:/opt/cuda/bin:/usr/bin/vendor_perl:/usr/bin/core_perl
SHELL=/bin/zsh
DISPLAY=:0.0

Signal Handlers:
SIGSEGV: [libjvm.so+0x92f440], sa_mask[0]=0x7ffbfeff, sa_flags=0x10000004
SIGBUS: [libjvm.so+0x92f440], sa_mask[0]=0x7ffbfeff, sa_flags=0x10000004
SIGFPE: [libjvm.so+0x7aba70], sa_mask[0]=0x7ffbfeff, sa_flags=0x10000004
SIGPIPE: [libjvm.so+0x7aba70], sa_mask[0]=0x7ffbfeff, sa_flags=0x10000004
SIGXFSZ: [libjvm.so+0x7aba70], sa_mask[0]=0x7ffbfeff, sa_flags=0x10000004
SIGILL: [libjvm.so+0x7aba70], sa_mask[0]=0x7ffbfeff, sa_flags=0x10000004
SIGUSR1: SIG_DFL, sa_mask[0]=0x00000000, sa_flags=0x00000000
SIGUSR2: [libjvm.so+0x7ab910], sa_mask[0]=0x00000004, sa_flags=0x10000004
SIGHUP: SIG_DFL, sa_mask[0]=0x00000000, sa_flags=0x00000000
SIGINT: SIG_DFL, sa_mask[0]=0x00000000, sa_flags=0x00000000
SIGTERM: SIG_DFL, sa_mask[0]=0x00000000, sa_flags=0x00000000
SIGQUIT: SIG_DFL, sa_mask[0]=0x00000000, sa_flags=0x00000000


---------------  S Y S T E M  ---------------

OS:Linux
uname:Linux 3.9.6-1-ARCH #1 SMP PREEMPT Fri Jun 14 08:12:55 CEST 2013 x86_64
libc:glibc 2.17 NPTL 2.17 
rlimit: STACK 8192k, CORE 0k, NPROC 95212, NOFILE 4096, AS infinity
load average:1.47 1.37 1.28

/proc/meminfo:
MemTotal:       12192784 kB
MemFree:         5065972 kB
Buffers:          218984 kB
Cached:          3584600 kB
SwapCached:            0 kB
Active:          4411660 kB
Inactive:        2387012 kB
Active(anon):    3000600 kB
Inactive(anon):   181896 kB
Active(file):    1411060 kB
Inactive(file):  2205116 kB
Unevictable:         136 kB
Mlocked:             136 kB
SwapTotal:             0 kB
SwapFree:              0 kB
Dirty:              1368 kB
Writeback:             0 kB
AnonPages:       2991572 kB
Mapped:           222548 kB
Shmem:            187408 kB
Slab:             159176 kB
SReclaimable:     127448 kB
SUnreclaim:        31728 kB
KernelStack:        3648 kB
PageTables:        39624 kB
NFS_Unstable:          0 kB
Bounce:                0 kB
WritebackTmp:          0 kB
CommitLimit:     6096392 kB
Committed_AS:    6302792 kB
VmallocTotal:   34359738367 kB
VmallocUsed:      382592 kB
VmallocChunk:   34359333976 kB
HardwareCorrupted:     0 kB
AnonHugePages:   1454080 kB
HugePages_Total:       0
HugePages_Free:        0
HugePages_Rsvd:        0
HugePages_Surp:        0
Hugepagesize:       2048 kB
DirectMap4k:       18228 kB
DirectMap2M:    12447744 kB


CPU:total 8 (4 cores per cpu, 2 threads per core) family 6 model 58 stepping 9, cmov, cx8, fxsr, mmx, sse, sse2, sse3, ssse3, sse4.1, sse4.2, popcnt, avx, aes, erms, ht, tsc, tscinvbit, tscinv

/proc/cpuinfo:
processor	: 0
vendor_id	: GenuineIntel
cpu family	: 6
model		: 58
model name	: Intel(R) Core(TM) i7-3612QM CPU @ 2.10GHz
stepping	: 9
microcode	: 0x12
cpu MHz		: 2101.000
cache size	: 6144 KB
physical id	: 0
siblings	: 8
core id		: 0
cpu cores	: 4
apicid		: 0
initial apicid	: 0
fpu		: yes
fpu_exception	: yes
cpuid level	: 13
wp		: yes
flags		: fpu vme de pse tsc msr pae mce cx8 apic sep mtrr pge mca cmov pat pse36 clflush dts acpi mmx fxsr sse sse2 ss ht tm pbe syscall nx rdtscp lm constant_tsc arch_perfmon pebs bts rep_good nopl xtopology nonstop_tsc aperfmperf eagerfpu pni pclmulqdq dtes64 monitor ds_cpl vmx est tm2 ssse3 cx16 xtpr pdcm pcid sse4_1 sse4_2 x2apic popcnt tsc_deadline_timer aes xsave avx f16c rdrand lahf_lm ida arat epb xsaveopt pln pts dtherm tpr_shadow vnmi flexpriority ept vpid fsgsbase smep erms
bogomips	: 4191.66
clflush size	: 64
cache_alignment	: 64
address sizes	: 36 bits physical, 48 bits virtual
power management:

processor	: 1
vendor_id	: GenuineIntel
cpu family	: 6
model		: 58
model name	: Intel(R) Core(TM) i7-3612QM CPU @ 2.10GHz
stepping	: 9
microcode	: 0x12
cpu MHz		: 1200.000
cache size	: 6144 KB
physical id	: 0
siblings	: 8
core id		: 1
cpu cores	: 4
apicid		: 2
initial apicid	: 2
fpu		: yes
fpu_exception	: yes
cpuid level	: 13
wp		: yes
flags		: fpu vme de pse tsc msr pae mce cx8 apic sep mtrr pge mca cmov pat pse36 clflush dts acpi mmx fxsr sse sse2 ss ht tm pbe syscall nx rdtscp lm constant_tsc arch_perfmon pebs bts rep_good nopl xtopology nonstop_tsc aperfmperf eagerfpu pni pclmulqdq dtes64 monitor ds_cpl vmx est tm2 ssse3 cx16 xtpr pdcm pcid sse4_1 sse4_2 x2apic popcnt tsc_deadline_timer aes xsave avx f16c rdrand lahf_lm ida arat epb xsaveopt pln pts dtherm tpr_shadow vnmi flexpriority ept vpid fsgsbase smep erms
bogomips	: 4191.66
clflush size	: 64
cache_alignment	: 64
address sizes	: 36 bits physical, 48 bits virtual
power management:

processor	: 2
vendor_id	: GenuineIntel
cpu family	: 6
model		: 58
model name	: Intel(R) Core(TM) i7-3612QM CPU @ 2.10GHz
stepping	: 9
microcode	: 0x12
cpu MHz		: 1200.000
cache size	: 6144 KB
physical id	: 0
siblings	: 8
core id		: 2
cpu cores	: 4
apicid		: 4
initial apicid	: 4
fpu		: yes
fpu_exception	: yes
cpuid level	: 13
wp		: yes
flags		: fpu vme de pse tsc msr pae mce cx8 apic sep mtrr pge mca cmov pat pse36 clflush dts acpi mmx fxsr sse sse2 ss ht tm pbe syscall nx rdtscp lm constant_tsc arch_perfmon pebs bts rep_good nopl xtopology nonstop_tsc aperfmperf eagerfpu pni pclmulqdq dtes64 monitor ds_cpl vmx est tm2 ssse3 cx16 xtpr pdcm pcid sse4_1 sse4_2 x2apic popcnt tsc_deadline_timer aes xsave avx f16c rdrand lahf_lm ida arat epb xsaveopt pln pts dtherm tpr_shadow vnmi flexpriority ept vpid fsgsbase smep erms
bogomips	: 4191.66
clflush size	: 64
cache_alignment	: 64
address sizes	: 36 bits physical, 48 bits virtual
power management:

processor	: 3
vendor_id	: GenuineIntel
cpu family	: 6
model		: 58
model name	: Intel(R) Core(TM) i7-3612QM CPU @ 2.10GHz
stepping	: 9
microcode	: 0x12
cpu MHz		: 2101.000
cache size	: 6144 KB
physical id	: 0
siblings	: 8
core id		: 3
cpu cores	: 4
apicid		: 6
initial apicid	: 6
fpu		: yes
fpu_exception	: yes
cpuid level	: 13
wp		: yes
flags		: fpu vme de pse tsc msr pae mce cx8 apic sep mtrr pge mca cmov pat pse36 clflush dts acpi mmx fxsr sse sse2 ss ht tm pbe syscall nx rdtscp lm constant_tsc arch_perfmon pebs bts rep_good nopl xtopology nonstop_tsc aperfmperf eagerfpu pni pclmulqdq dtes64 monitor ds_cpl vmx est tm2 ssse3 cx16 xtpr pdcm pcid sse4_1 sse4_2 x2apic popcnt tsc_deadline_timer aes xsave avx f16c rdrand lahf_lm ida arat epb xsaveopt pln pts dtherm tpr_shadow vnmi flexpriority ept vpid fsgsbase smep erms
bogomips	: 4191.66
clflush size	: 64
cache_alignment	: 64
address sizes	: 36 bits physical, 48 bits virtual
power management:

processor	: 4
vendor_id	: GenuineIntel
cpu family	: 6
model		: 58
model name	: Intel(R) Core(TM) i7-3612QM CPU @ 2.10GHz
stepping	: 9
microcode	: 0x12
cpu MHz		: 1200.000
cache size	: 6144 KB
physical id	: 0
siblings	: 8
core id		: 0
cpu cores	: 4
apicid		: 1
initial apicid	: 1
fpu		: yes
fpu_exception	: yes
cpuid level	: 13
wp		: yes
flags		: fpu vme de pse tsc msr pae mce cx8 apic sep mtrr pge mca cmov pat pse36 clflush dts acpi mmx fxsr sse sse2 ss ht tm pbe syscall nx rdtscp lm constant_tsc arch_perfmon pebs bts rep_good nopl xtopology nonstop_tsc aperfmperf eagerfpu pni pclmulqdq dtes64 monitor ds_cpl vmx est tm2 ssse3 cx16 xtpr pdcm pcid sse4_1 sse4_2 x2apic popcnt tsc_deadline_timer aes xsave avx f16c rdrand lahf_lm ida arat epb xsaveopt pln pts dtherm tpr_shadow vnmi flexpriority ept vpid fsgsbase smep erms
bogomips	: 4191.66
clflush size	: 64
cache_alignment	: 64
address sizes	: 36 bits physical, 48 bits virtual
power management:

processor	: 5
vendor_id	: GenuineIntel
cpu family	: 6
model		: 58
model name	: Intel(R) Core(TM) i7-3612QM CPU @ 2.10GHz
stepping	: 9
microcode	: 0x12
cpu MHz		: 1200.000
cache size	: 6144 KB
physical id	: 0
siblings	: 8
core id		: 1
cpu cores	: 4
apicid		: 3
initial apicid	: 3
fpu		: yes
fpu_exception	: yes
cpuid level	: 13
wp		: yes
flags		: fpu vme de pse tsc msr pae mce cx8 apic sep mtrr pge mca cmov pat pse36 clflush dts acpi mmx fxsr sse sse2 ss ht tm pbe syscall nx rdtscp lm constant_tsc arch_perfmon pebs bts rep_good nopl xtopology nonstop_tsc aperfmperf eagerfpu pni pclmulqdq dtes64 monitor ds_cpl vmx est tm2 ssse3 cx16 xtpr pdcm pcid sse4_1 sse4_2 x2apic popcnt tsc_deadline_timer aes xsave avx f16c rdrand lahf_lm ida arat epb xsaveopt pln pts dtherm tpr_shadow vnmi flexpriority ept vpid fsgsbase smep erms
bogomips	: 4191.66
clflush size	: 64
cache_alignment	: 64
address sizes	: 36 bits physical, 48 bits virtual
power management:

processor	: 6
vendor_id	: GenuineIntel
cpu family	: 6
model		: 58
model name	: Intel(R) Core(TM) i7-3612QM CPU @ 2.10GHz
stepping	: 9
microcode	: 0x12
cpu MHz		: 1200.000
cache size	: 6144 KB
physical id	: 0
siblings	: 8
core id		: 2
cpu cores	: 4
apicid		: 5
initial apicid	: 5
fpu		: yes
fpu_exception	: yes
cpuid level	: 13
wp		: yes
flags		: fpu vme de pse tsc msr pae mce cx8 apic sep mtrr pge mca cmov pat pse36 clflush dts acpi mmx fxsr sse sse2 ss ht tm pbe syscall nx rdtscp lm constant_tsc arch_perfmon pebs bts rep_good nopl xtopology nonstop_tsc aperfmperf eagerfpu pni pclmulqdq dtes64 monitor ds_cpl vmx est tm2 ssse3 cx16 xtpr pdcm pcid sse4_1 sse4_2 x2apic popcnt tsc_deadline_timer aes xsave avx f16c rdrand lahf_lm ida arat epb xsaveopt pln pts dtherm tpr_shadow vnmi flexpriority ept vpid fsgsbase smep erms
bogomips	: 4191.66
clflush size	: 64
cache_alignment	: 64
address sizes	: 36 bits physical, 48 bits virtual
power management:

processor	: 7
vendor_id	: GenuineIntel
cpu family	: 6
model		: 58
model name	: Intel(R) Core(TM) i7-3612QM CPU @ 2.10GHz
stepping	: 9
microcode	: 0x12
cpu MHz		: 1200.000
cache size	: 6144 KB
physical id	: 0
siblings	: 8
core id		: 3
cpu cores	: 4
apicid		: 7
initial apicid	: 7
fpu		: yes
fpu_exception	: yes
cpuid level	: 13
wp		: yes
flags		: fpu vme de pse tsc msr pae mce cx8 apic sep mtrr pge mca cmov pat pse36 clflush dts acpi mmx fxsr sse sse2 ss ht tm pbe syscall nx rdtscp lm constant_tsc arch_perfmon pebs bts rep_good nopl xtopology nonstop_tsc aperfmperf eagerfpu pni pclmulqdq dtes64 monitor ds_cpl vmx est tm2 ssse3 cx16 xtpr pdcm pcid sse4_1 sse4_2 x2apic popcnt tsc_deadline_timer aes xsave avx f16c rdrand lahf_lm ida arat epb xsaveopt pln pts dtherm tpr_shadow vnmi flexpriority ept vpid fsgsbase smep erms
bogomips	: 4191.66
clflush size	: 64
cache_alignment	: 64
address sizes	: 36 bits physical, 48 bits virtual
power management:



Memory: 4k page, physical 12192784k(5065972k free), swap 0k(0k free)

vm_info: OpenJDK 64-Bit Server VM (24.0-b40) for linux-amd64 JRE (1.7.0_40-b20), built on Jun 10 2013 19:13:21 by "nobody" with gcc 4.8.1

time: Tue Jun 25 14:50:03 2013
elapsed time: 0 seconds

