#
# A fatal error has been detected by the Java Runtime Environment:
#
#  Internal Error (javaClasses.cpp:136), pid=25108, tid=140616649385728
#  fatal error: Invalid layout of preloaded class
#
# JRE version:  (7.0_40-b20) (build )
# Java VM: OpenJDK 64-Bit Server VM (24.0-b40 mixed mode linux-amd64 compressed oops)
# Failed to write core dump. Core dumps have been disabled. To enable core dumping, try "ulimit -c unlimited" before starting Java again
#
# If you would like to submit a bug report, please include
# instructions on how to reproduce the bug and visit:
#   http://icedtea.classpath.org/bugzilla
#

---------------  T H R E A D  ---------------

Current thread (0x00007fe3d4009000):  JavaThread "Unknown thread" [_thread_in_vm, id=25113, stack(0x00007fe3dd5fa000,0x00007fe3dd6fb000)]

Stack: [0x00007fe3dd5fa000,0x00007fe3dd6fb000],  sp=0x00007fe3dd6f99c0,  free space=1022k
Native frames: (J=compiled Java code, j=interpreted, Vv=VM code, C=native code)
V  [libjvm.so+0x92e955]  JVM_handle_linux_signal+0x179365
V  [libjvm.so+0x47a844]  dlerror+0x47a844
V  [libjvm.so+0x5d2d7a]  AsyncGetCallTrace+0xda6ca
V  [libjvm.so+0x5d3386]  AsyncGetCallTrace+0xdacd6
V  [libjvm.so+0x8b1aac]  JVM_handle_linux_signal+0xfc4bc
V  [libjvm.so+0x900298]  JVM_handle_linux_signal+0x14aca8
V  [libjvm.so+0x9008a4]  JVM_handle_linux_signal+0x14b2b4
V  [libjvm.so+0x58746a]  AsyncGetCallTrace+0x8edba
V  [libjvm.so+0x8e33df]  JVM_handle_linux_signal+0x12ddef
V  [libjvm.so+0x5f1cb1]  JNI_CreateJavaVM+0x51
C  [libjli.so+0x29b8]  getenv+0x29b8


---------------  P R O C E S S  ---------------

Java Threads: ( => current thread )

Other Threads:

=>0x00007fe3d4009000 (exited) JavaThread "Unknown thread" [_thread_in_vm, id=25113, stack(0x00007fe3dd5fa000,0x00007fe3dd6fb000)]

VM state:not at safepoint (not fully initialized)

VM Mutex/Monitor currently owned by a thread: None

GC Heap History (0 events):
No events

Deoptimization events (0 events):
No events

Internal exceptions (0 events):
No events

Events (10 events):
Event: 0.006 loading class 0x00007fe3d95e76f0 done
Event: 0.006 loading class 0x00007fe3d95e7110 done
Event: 0.006 loading class 0x00007fe3d95e70f0
Event: 0.006 loading class 0x00007fe3d95ef0e0
Event: 0.006 loading class 0x00007fe3d95ef0e0 done
Event: 0.006 loading class 0x00007fe3d95ef110
Event: 0.006 loading class 0x00007fe3d95ef110 done
Event: 0.006 loading class 0x00007fe3d95ef140
Event: 0.006 loading class 0x00007fe3d95ef140 done
Event: 0.007 loading class 0x00007fe3d95e70f0 done


Dynamic libraries:
00400000-00401000 r-xp 00000000 08:11 7082288                            /usr/lib/jvm/java-7-openjdk/jre/bin/java
00600000-00601000 rw-p 00000000 08:11 7082288                            /usr/lib/jvm/java-7-openjdk/jre/bin/java
02121000-02142000 rw-p 00000000 00:00 0                                  [heap]
73b800000-73ccc0000 rw-p 00000000 00:00 0 
73ccc0000-745e00000 rw-p 00000000 00:00 0 
745e00000-74da10000 rw-p 00000000 00:00 0 
74da10000-7c1f60000 rw-p 00000000 00:00 0 
7c1f60000-7c5d60000 rw-p 00000000 00:00 0 
7c5d60000-800000000 rw-p 00000000 00:00 0 
7fe3a8530000-7fe3b0000000 rw-p 00000000 00:00 0 
7fe3b0000000-7fe3b0021000 rw-p 00000000 00:00 0 
7fe3b0021000-7fe3b4000000 ---p 00000000 00:00 0 
7fe3b4000000-7fe3b4021000 rw-p 00000000 00:00 0 
7fe3b4021000-7fe3b8000000 ---p 00000000 00:00 0 
7fe3b8000000-7fe3b8021000 rw-p 00000000 00:00 0 
7fe3b8021000-7fe3bc000000 ---p 00000000 00:00 0 
7fe3bc000000-7fe3bc021000 rw-p 00000000 00:00 0 
7fe3bc021000-7fe3c0000000 ---p 00000000 00:00 0 
7fe3c0000000-7fe3c0021000 rw-p 00000000 00:00 0 
7fe3c0021000-7fe3c4000000 ---p 00000000 00:00 0 
7fe3c4000000-7fe3c4021000 rw-p 00000000 00:00 0 
7fe3c4021000-7fe3c8000000 ---p 00000000 00:00 0 
7fe3c8000000-7fe3c8021000 rw-p 00000000 00:00 0 
7fe3c8021000-7fe3cc000000 ---p 00000000 00:00 0 
7fe3cc000000-7fe3cc021000 rw-p 00000000 00:00 0 
7fe3cc021000-7fe3d0000000 ---p 00000000 00:00 0 
7fe3d1000000-7fe3d1270000 rwxp 00000000 00:00 0 
7fe3d1270000-7fe3d405e000 rw-p 00000000 00:00 0 
7fe3d405e000-7fe3d8000000 ---p 00000000 00:00 0 
7fe3d94fd000-7fe3d9521000 rw-p 00000000 00:00 0 
7fe3d9521000-7fe3d95e7000 r--s 0116f000 08:11 4069295                    /opt/android-sdk/platforms/android-17/android.jar
7fe3d95e7000-7fe3d966a000 rw-p 00000000 00:00 0 
7fe3d966a000-7fe3d966b000 ---p 00000000 00:00 0 
7fe3d966b000-7fe3d976b000 rw-p 00000000 00:00 0                          [stack:25121]
7fe3d976b000-7fe3d976c000 ---p 00000000 00:00 0 
7fe3d976c000-7fe3d986c000 rw-p 00000000 00:00 0                          [stack:25120]
7fe3d986c000-7fe3d986d000 ---p 00000000 00:00 0 
7fe3d986d000-7fe3d996d000 rw-p 00000000 00:00 0                          [stack:25119]
7fe3d996d000-7fe3d996e000 ---p 00000000 00:00 0 
7fe3d996e000-7fe3d9a6e000 rw-p 00000000 00:00 0                          [stack:25118]
7fe3d9a6e000-7fe3d9a6f000 ---p 00000000 00:00 0 
7fe3d9a6f000-7fe3d9b6f000 rw-p 00000000 00:00 0                          [stack:25117]
7fe3d9b6f000-7fe3d9b70000 ---p 00000000 00:00 0 
7fe3d9b70000-7fe3d9c70000 rw-p 00000000 00:00 0                          [stack:25116]
7fe3d9c70000-7fe3d9c71000 ---p 00000000 00:00 0 
7fe3d9c71000-7fe3d9d71000 rw-p 00000000 00:00 0                          [stack:25115]
7fe3d9d71000-7fe3d9d72000 ---p 00000000 00:00 0 
7fe3d9d72000-7fe3d9e7d000 rw-p 00000000 00:00 0                          [stack:25114]
7fe3d9e7d000-7fe3d9ec5000 rw-p 00000000 00:00 0 
7fe3d9ec5000-7fe3d9f04000 rw-p 00000000 00:00 0 
7fe3d9f04000-7fe3da2a6000 rw-p 00000000 00:00 0 
7fe3da2a6000-7fe3da2b1000 rw-p 00000000 00:00 0 
7fe3da2b1000-7fe3da2f9000 rw-p 00000000 00:00 0 
7fe3da2f9000-7fe3da338000 rw-p 00000000 00:00 0 
7fe3da338000-7fe3da6d9000 rw-p 00000000 00:00 0 
7fe3da6d9000-7fe3da6f9000 rw-p 00000000 00:00 0 
7fe3da6f9000-7fe3da8ca000 rw-p 00000000 00:00 0 
7fe3da8ca000-7fe3da8cb000 rw-p 00000000 00:00 0 
7fe3da8cb000-7fe3da8d3000 r-xp 00000000 08:11 7477160                    /usr/lib/jvm/java-7-openjdk/jre/lib/amd64/libzip.so
7fe3da8d3000-7fe3daad2000 ---p 00008000 08:11 7477160                    /usr/lib/jvm/java-7-openjdk/jre/lib/amd64/libzip.so
7fe3daad2000-7fe3daad3000 rw-p 00007000 08:11 7477160                    /usr/lib/jvm/java-7-openjdk/jre/lib/amd64/libzip.so
7fe3daad3000-7fe3daade000 r-xp 00000000 08:11 6819086                    /usr/lib/libnss_files-2.17.so
7fe3daade000-7fe3dacde000 ---p 0000b000 08:11 6819086                    /usr/lib/libnss_files-2.17.so
7fe3dacde000-7fe3dacdf000 r--p 0000b000 08:11 6819086                    /usr/lib/libnss_files-2.17.so
7fe3dacdf000-7fe3dace0000 rw-p 0000c000 08:11 6819086                    /usr/lib/libnss_files-2.17.so
7fe3dace0000-7fe3dad0b000 r-xp 00000000 08:11 7477159                    /usr/lib/jvm/java-7-openjdk/jre/lib/amd64/libjava.so
7fe3dad0b000-7fe3daf0a000 ---p 0002b000 08:11 7477159                    /usr/lib/jvm/java-7-openjdk/jre/lib/amd64/libjava.so
7fe3daf0a000-7fe3daf0c000 rw-p 0002a000 08:11 7477159                    /usr/lib/jvm/java-7-openjdk/jre/lib/amd64/libjava.so
7fe3daf0c000-7fe3daf19000 r-xp 00000000 08:11 7476902                    /usr/lib/jvm/java-7-openjdk/jre/lib/amd64/libverify.so
7fe3daf19000-7fe3db118000 ---p 0000d000 08:11 7476902                    /usr/lib/jvm/java-7-openjdk/jre/lib/amd64/libverify.so
7fe3db118000-7fe3db11a000 rw-p 0000c000 08:11 7476902                    /usr/lib/jvm/java-7-openjdk/jre/lib/amd64/libverify.so
7fe3db11a000-7fe3db121000 r-xp 00000000 08:11 6819067                    /usr/lib/librt-2.17.so
7fe3db121000-7fe3db320000 ---p 00007000 08:11 6819067                    /usr/lib/librt-2.17.so
7fe3db320000-7fe3db321000 r--p 00006000 08:11 6819067                    /usr/lib/librt-2.17.so
7fe3db321000-7fe3db322000 rw-p 00007000 08:11 6819067                    /usr/lib/librt-2.17.so
7fe3db322000-7fe3db337000 r-xp 00000000 08:11 6822094                    /usr/lib/libgcc_s.so.1
7fe3db337000-7fe3db537000 ---p 00015000 08:11 6822094                    /usr/lib/libgcc_s.so.1
7fe3db537000-7fe3db538000 rw-p 00015000 08:11 6822094                    /usr/lib/libgcc_s.so.1
7fe3db538000-7fe3db635000 r-xp 00000000 08:11 6819084                    /usr/lib/libm-2.17.so
7fe3db635000-7fe3db834000 ---p 000fd000 08:11 6819084                    /usr/lib/libm-2.17.so
7fe3db834000-7fe3db835000 r--p 000fc000 08:11 6819084                    /usr/lib/libm-2.17.so
7fe3db835000-7fe3db836000 rw-p 000fd000 08:11 6819084                    /usr/lib/libm-2.17.so
7fe3db836000-7fe3db91c000 r-xp 00000000 08:11 6822088                    /usr/lib/libstdc++.so.6.0.18
7fe3db91c000-7fe3dbb1b000 ---p 000e6000 08:11 6822088                    /usr/lib/libstdc++.so.6.0.18
7fe3dbb1b000-7fe3dbb23000 r--p 000e5000 08:11 6822088                    /usr/lib/libstdc++.so.6.0.18
7fe3dbb23000-7fe3dbb25000 rw-p 000ed000 08:11 6822088                    /usr/lib/libstdc++.so.6.0.18
7fe3dbb25000-7fe3dbb3a000 rw-p 00000000 00:00 0 
7fe3dbb3a000-7fe3dc630000 r-xp 00000000 08:11 7479595                    /usr/lib/jvm/java-7-openjdk/jre/lib/amd64/server/libjvm.so
7fe3dc630000-7fe3dc82f000 ---p 00af6000 08:11 7479595                    /usr/lib/jvm/java-7-openjdk/jre/lib/amd64/server/libjvm.so
7fe3dc82f000-7fe3dc8ea000 rw-p 00af5000 08:11 7479595                    /usr/lib/jvm/java-7-openjdk/jre/lib/amd64/server/libjvm.so
7fe3dc8ea000-7fe3dc917000 rw-p 00000000 00:00 0 
7fe3dc917000-7fe3dc92c000 r-xp 00000000 08:11 6822134                    /usr/lib/libz.so.1.2.8
7fe3dc92c000-7fe3dcb2b000 ---p 00015000 08:11 6822134                    /usr/lib/libz.so.1.2.8
7fe3dcb2b000-7fe3dcb2c000 r--p 00014000 08:11 6822134                    /usr/lib/libz.so.1.2.8
7fe3dcb2c000-7fe3dcb2d000 rw-p 00015000 08:11 6822134                    /usr/lib/libz.so.1.2.8
7fe3dcb2d000-7fe3dccd0000 r-xp 00000000 08:11 6819039                    /usr/lib/libc-2.17.so
7fe3dccd0000-7fe3dced0000 ---p 001a3000 08:11 6819039                    /usr/lib/libc-2.17.so
7fe3dced0000-7fe3dced4000 r--p 001a3000 08:11 6819039                    /usr/lib/libc-2.17.so
7fe3dced4000-7fe3dced6000 rw-p 001a7000 08:11 6819039                    /usr/lib/libc-2.17.so
7fe3dced6000-7fe3dceda000 rw-p 00000000 00:00 0 
7fe3dceda000-7fe3dcedd000 r-xp 00000000 08:11 6819062                    /usr/lib/libdl-2.17.so
7fe3dcedd000-7fe3dd0dc000 ---p 00003000 08:11 6819062                    /usr/lib/libdl-2.17.so
7fe3dd0dc000-7fe3dd0dd000 r--p 00002000 08:11 6819062                    /usr/lib/libdl-2.17.so
7fe3dd0dd000-7fe3dd0de000 rw-p 00003000 08:11 6819062                    /usr/lib/libdl-2.17.so
7fe3dd0de000-7fe3dd0eb000 r-xp 00000000 08:11 7478885                    /usr/lib/jvm/java-7-openjdk/jre/lib/amd64/jli/libjli.so
7fe3dd0eb000-7fe3dd2ea000 ---p 0000d000 08:11 7478885                    /usr/lib/jvm/java-7-openjdk/jre/lib/amd64/jli/libjli.so
7fe3dd2ea000-7fe3dd2eb000 rw-p 0000c000 08:11 7478885                    /usr/lib/jvm/java-7-openjdk/jre/lib/amd64/jli/libjli.so
7fe3dd2eb000-7fe3dd302000 r-xp 00000000 08:11 6819058                    /usr/lib/libpthread-2.17.so
7fe3dd302000-7fe3dd501000 ---p 00017000 08:11 6819058                    /usr/lib/libpthread-2.17.so
7fe3dd501000-7fe3dd502000 r--p 00016000 08:11 6819058                    /usr/lib/libpthread-2.17.so
7fe3dd502000-7fe3dd503000 rw-p 00017000 08:11 6819058                    /usr/lib/libpthread-2.17.so
7fe3dd503000-7fe3dd507000 rw-p 00000000 00:00 0 
7fe3dd507000-7fe3dd528000 r-xp 00000000 08:11 6819046                    /usr/lib/ld-2.17.so
7fe3dd53a000-7fe3dd544000 rw-p 00000000 00:00 0 
7fe3dd544000-7fe3dd5fa000 rw-p 00000000 00:00 0 
7fe3dd5fa000-7fe3dd5fd000 ---p 00000000 00:00 0 
7fe3dd5fd000-7fe3dd6ff000 rw-p 00000000 00:00 0                          [stack:25113]
7fe3dd71b000-7fe3dd71d000 rw-p 00000000 00:00 0 
7fe3dd71d000-7fe3dd725000 rw-s 00000000 00:1e 1827456                    /tmp/hsperfdata_bryan/25108
7fe3dd725000-7fe3dd726000 rw-p 00000000 00:00 0 
7fe3dd726000-7fe3dd727000 r--p 00000000 00:00 0 
7fe3dd727000-7fe3dd728000 rw-p 00000000 00:00 0 
7fe3dd728000-7fe3dd729000 r--p 00021000 08:11 6819046                    /usr/lib/ld-2.17.so
7fe3dd729000-7fe3dd72a000 rw-p 00022000 08:11 6819046                    /usr/lib/ld-2.17.so
7fe3dd72a000-7fe3dd72b000 rw-p 00000000 00:00 0 
7fff1a213000-7fff1a234000 rw-p 00000000 00:00 0                          [stack]
7fff1a3e1000-7fff1a3e3000 r-xp 00000000 00:00 0                          [vdso]
ffffffffff600000-ffffffffff601000 r-xp 00000000 00:00 0                  [vsyscall]

VM Arguments:
jvm_args: -Dfile.encoding=UTF-8 -Xbootclasspath:/opt/android-sdk/platforms/android-17/android.jar:/opt/android-sdk/add-ons/addon-google_apis-google-17/libs/effects.jar:/opt/android-sdk/add-ons/addon-google_apis-google-17/libs/usb.jar:/opt/android-sdk/add-ons/addon-google_apis-google-17/libs/maps.jar 
java_command: com.souvenir.android.SNote
Launcher Type: SUN_STANDARD

Environment Variables:
JAVA_HOME=/usr/lib/jvm/java-7-openjdk
PATH=/home/bryan/bin:/usr/local/sbin:/usr/local/bin:/usr/bin:/opt/android-sdk/platform-tools:/opt/android-sdk/tools:/opt/cuda/bin:/usr/bin/vendor_perl:/usr/bin/core_perl
SHELL=/bin/zsh
DISPLAY=:0.0

Signal Handlers:
SIGSEGV: [libjvm.so+0x92f440], sa_mask[0]=0x7ffbfeff, sa_flags=0x10000004
SIGBUS: [libjvm.so+0x92f440], sa_mask[0]=0x7ffbfeff, sa_flags=0x10000004
SIGFPE: [libjvm.so+0x7aba70], sa_mask[0]=0x7ffbfeff, sa_flags=0x10000004
SIGPIPE: [libjvm.so+0x7aba70], sa_mask[0]=0x7ffbfeff, sa_flags=0x10000004
SIGXFSZ: [libjvm.so+0x7aba70], sa_mask[0]=0x7ffbfeff, sa_flags=0x10000004
SIGILL: [libjvm.so+0x7aba70], sa_mask[0]=0x7ffbfeff, sa_flags=0x10000004
SIGUSR1: SIG_DFL, sa_mask[0]=0x00000000, sa_flags=0x00000000
SIGUSR2: [libjvm.so+0x7ab910], sa_mask[0]=0x00000004, sa_flags=0x10000004
SIGHUP: SIG_DFL, sa_mask[0]=0x00000000, sa_flags=0x00000000
SIGINT: SIG_DFL, sa_mask[0]=0x00000000, sa_flags=0x00000000
SIGTERM: SIG_DFL, sa_mask[0]=0x00000000, sa_flags=0x00000000
SIGQUIT: SIG_DFL, sa_mask[0]=0x00000000, sa_flags=0x00000000


---------------  S Y S T E M  ---------------

OS:Linux
uname:Linux 3.9.6-1-ARCH #1 SMP PREEMPT Fri Jun 14 08:12:55 CEST 2013 x86_64
libc:glibc 2.17 NPTL 2.17 
rlimit: STACK 8192k, CORE 0k, NPROC 95212, NOFILE 4096, AS infinity
load average:2.01 1.57 1.36

/proc/meminfo:
MemTotal:       12192784 kB
MemFree:         5113224 kB
Buffers:          218996 kB
Cached:          3561688 kB
SwapCached:            0 kB
Active:          4391740 kB
Inactive:        2361168 kB
Active(anon):    2977768 kB
Inactive(anon):   154256 kB
Active(file):    1413972 kB
Inactive(file):  2206912 kB
Unevictable:         136 kB
Mlocked:             136 kB
SwapTotal:             0 kB
SwapFree:              0 kB
Dirty:               332 kB
Writeback:             0 kB
AnonPages:       2968516 kB
Mapped:           216556 kB
Shmem:            159804 kB
Slab:             159084 kB
SReclaimable:     127388 kB
SUnreclaim:        31696 kB
KernelStack:        3616 kB
PageTables:        37224 kB
NFS_Unstable:          0 kB
Bounce:                0 kB
WritebackTmp:          0 kB
CommitLimit:     6096392 kB
Committed_AS:    6257504 kB
VmallocTotal:   34359738367 kB
VmallocUsed:      382592 kB
VmallocChunk:   34359333976 kB
HardwareCorrupted:     0 kB
AnonHugePages:   1458176 kB
HugePages_Total:       0
HugePages_Free:        0
HugePages_Rsvd:        0
HugePages_Surp:        0
Hugepagesize:       2048 kB
DirectMap4k:       18228 kB
DirectMap2M:    12447744 kB


CPU:total 8 (4 cores per cpu, 2 threads per core) family 6 model 58 stepping 9, cmov, cx8, fxsr, mmx, sse, sse2, sse3, ssse3, sse4.1, sse4.2, popcnt, avx, aes, erms, ht, tsc, tscinvbit, tscinv

/proc/cpuinfo:
processor	: 0
vendor_id	: GenuineIntel
cpu family	: 6
model		: 58
model name	: Intel(R) Core(TM) i7-3612QM CPU @ 2.10GHz
stepping	: 9
microcode	: 0x12
cpu MHz		: 2101.000
cache size	: 6144 KB
physical id	: 0
siblings	: 8
core id		: 0
cpu cores	: 4
apicid		: 0
initial apicid	: 0
fpu		: yes
fpu_exception	: yes
cpuid level	: 13
wp		: yes
flags		: fpu vme de pse tsc msr pae mce cx8 apic sep mtrr pge mca cmov pat pse36 clflush dts acpi mmx fxsr sse sse2 ss ht tm pbe syscall nx rdtscp lm constant_tsc arch_perfmon pebs bts rep_good nopl xtopology nonstop_tsc aperfmperf eagerfpu pni pclmulqdq dtes64 monitor ds_cpl vmx est tm2 ssse3 cx16 xtpr pdcm pcid sse4_1 sse4_2 x2apic popcnt tsc_deadline_timer aes xsave avx f16c rdrand lahf_lm ida arat epb xsaveopt pln pts dtherm tpr_shadow vnmi flexpriority ept vpid fsgsbase smep erms
bogomips	: 4191.66
clflush size	: 64
cache_alignment	: 64
address sizes	: 36 bits physical, 48 bits virtual
power management:

processor	: 1
vendor_id	: GenuineIntel
cpu family	: 6
model		: 58
model name	: Intel(R) Core(TM) i7-3612QM CPU @ 2.10GHz
stepping	: 9
microcode	: 0x12
cpu MHz		: 2101.000
cache size	: 6144 KB
physical id	: 0
siblings	: 8
core id		: 1
cpu cores	: 4
apicid		: 2
initial apicid	: 2
fpu		: yes
fpu_exception	: yes
cpuid level	: 13
wp		: yes
flags		: fpu vme de pse tsc msr pae mce cx8 apic sep mtrr pge mca cmov pat pse36 clflush dts acpi mmx fxsr sse sse2 ss ht tm pbe syscall nx rdtscp lm constant_tsc arch_perfmon pebs bts rep_good nopl xtopology nonstop_tsc aperfmperf eagerfpu pni pclmulqdq dtes64 monitor ds_cpl vmx est tm2 ssse3 cx16 xtpr pdcm pcid sse4_1 sse4_2 x2apic popcnt tsc_deadline_timer aes xsave avx f16c rdrand lahf_lm ida arat epb xsaveopt pln pts dtherm tpr_shadow vnmi flexpriority ept vpid fsgsbase smep erms
bogomips	: 4191.66
clflush size	: 64
cache_alignment	: 64
address sizes	: 36 bits physical, 48 bits virtual
power management:

processor	: 2
vendor_id	: GenuineIntel
cpu family	: 6
model		: 58
model name	: Intel(R) Core(TM) i7-3612QM CPU @ 2.10GHz
stepping	: 9
microcode	: 0x12
cpu MHz		: 2101.000
cache size	: 6144 KB
physical id	: 0
siblings	: 8
core id		: 2
cpu cores	: 4
apicid		: 4
initial apicid	: 4
fpu		: yes
fpu_exception	: yes
cpuid level	: 13
wp		: yes
flags		: fpu vme de pse tsc msr pae mce cx8 apic sep mtrr pge mca cmov pat pse36 clflush dts acpi mmx fxsr sse sse2 ss ht tm pbe syscall nx rdtscp lm constant_tsc arch_perfmon pebs bts rep_good nopl xtopology nonstop_tsc aperfmperf eagerfpu pni pclmulqdq dtes64 monitor ds_cpl vmx est tm2 ssse3 cx16 xtpr pdcm pcid sse4_1 sse4_2 x2apic popcnt tsc_deadline_timer aes xsave avx f16c rdrand lahf_lm ida arat epb xsaveopt pln pts dtherm tpr_shadow vnmi flexpriority ept vpid fsgsbase smep erms
bogomips	: 4191.66
clflush size	: 64
cache_alignment	: 64
address sizes	: 36 bits physical, 48 bits virtual
power management:

processor	: 3
vendor_id	: GenuineIntel
cpu family	: 6
model		: 58
model name	: Intel(R) Core(TM) i7-3612QM CPU @ 2.10GHz
stepping	: 9
microcode	: 0x12
cpu MHz		: 1800.000
cache size	: 6144 KB
physical id	: 0
siblings	: 8
core id		: 3
cpu cores	: 4
apicid		: 6
initial apicid	: 6
fpu		: yes
fpu_exception	: yes
cpuid level	: 13
wp		: yes
flags		: fpu vme de pse tsc msr pae mce cx8 apic sep mtrr pge mca cmov pat pse36 clflush dts acpi mmx fxsr sse sse2 ss ht tm pbe syscall nx rdtscp lm constant_tsc arch_perfmon pebs bts rep_good nopl xtopology nonstop_tsc aperfmperf eagerfpu pni pclmulqdq dtes64 monitor ds_cpl vmx est tm2 ssse3 cx16 xtpr pdcm pcid sse4_1 sse4_2 x2apic popcnt tsc_deadline_timer aes xsave avx f16c rdrand lahf_lm ida arat epb xsaveopt pln pts dtherm tpr_shadow vnmi flexpriority ept vpid fsgsbase smep erms
bogomips	: 4191.66
clflush size	: 64
cache_alignment	: 64
address sizes	: 36 bits physical, 48 bits virtual
power management:

processor	: 4
vendor_id	: GenuineIntel
cpu family	: 6
model		: 58
model name	: Intel(R) Core(TM) i7-3612QM CPU @ 2.10GHz
stepping	: 9
microcode	: 0x12
cpu MHz		: 1200.000
cache size	: 6144 KB
physical id	: 0
siblings	: 8
core id		: 0
cpu cores	: 4
apicid		: 1
initial apicid	: 1
fpu		: yes
fpu_exception	: yes
cpuid level	: 13
wp		: yes
flags		: fpu vme de pse tsc msr pae mce cx8 apic sep mtrr pge mca cmov pat pse36 clflush dts acpi mmx fxsr sse sse2 ss ht tm pbe syscall nx rdtscp lm constant_tsc arch_perfmon pebs bts rep_good nopl xtopology nonstop_tsc aperfmperf eagerfpu pni pclmulqdq dtes64 monitor ds_cpl vmx est tm2 ssse3 cx16 xtpr pdcm pcid sse4_1 sse4_2 x2apic popcnt tsc_deadline_timer aes xsave avx f16c rdrand lahf_lm ida arat epb xsaveopt pln pts dtherm tpr_shadow vnmi flexpriority ept vpid fsgsbase smep erms
bogomips	: 4191.66
clflush size	: 64
cache_alignment	: 64
address sizes	: 36 bits physical, 48 bits virtual
power management:

processor	: 5
vendor_id	: GenuineIntel
cpu family	: 6
model		: 58
model name	: Intel(R) Core(TM) i7-3612QM CPU @ 2.10GHz
stepping	: 9
microcode	: 0x12
cpu MHz		: 2101.000
cache size	: 6144 KB
physical id	: 0
siblings	: 8
core id		: 1
cpu cores	: 4
apicid		: 3
initial apicid	: 3
fpu		: yes
fpu_exception	: yes
cpuid level	: 13
wp		: yes
flags		: fpu vme de pse tsc msr pae mce cx8 apic sep mtrr pge mca cmov pat pse36 clflush dts acpi mmx fxsr sse sse2 ss ht tm pbe syscall nx rdtscp lm constant_tsc arch_perfmon pebs bts rep_good nopl xtopology nonstop_tsc aperfmperf eagerfpu pni pclmulqdq dtes64 monitor ds_cpl vmx est tm2 ssse3 cx16 xtpr pdcm pcid sse4_1 sse4_2 x2apic popcnt tsc_deadline_timer aes xsave avx f16c rdrand lahf_lm ida arat epb xsaveopt pln pts dtherm tpr_shadow vnmi flexpriority ept vpid fsgsbase smep erms
bogomips	: 4191.66
clflush size	: 64
cache_alignment	: 64
address sizes	: 36 bits physical, 48 bits virtual
power management:

processor	: 6
vendor_id	: GenuineIntel
cpu family	: 6
model		: 58
model name	: Intel(R) Core(TM) i7-3612QM CPU @ 2.10GHz
stepping	: 9
microcode	: 0x12
cpu MHz		: 2101.000
cache size	: 6144 KB
physical id	: 0
siblings	: 8
core id		: 2
cpu cores	: 4
apicid		: 5
initial apicid	: 5
fpu		: yes
fpu_exception	: yes
cpuid level	: 13
wp		: yes
flags		: fpu vme de pse tsc msr pae mce cx8 apic sep mtrr pge mca cmov pat pse36 clflush dts acpi mmx fxsr sse sse2 ss ht tm pbe syscall nx rdtscp lm constant_tsc arch_perfmon pebs bts rep_good nopl xtopology nonstop_tsc aperfmperf eagerfpu pni pclmulqdq dtes64 monitor ds_cpl vmx est tm2 ssse3 cx16 xtpr pdcm pcid sse4_1 sse4_2 x2apic popcnt tsc_deadline_timer aes xsave avx f16c rdrand lahf_lm ida arat epb xsaveopt pln pts dtherm tpr_shadow vnmi flexpriority ept vpid fsgsbase smep erms
bogomips	: 4191.66
clflush size	: 64
cache_alignment	: 64
address sizes	: 36 bits physical, 48 bits virtual
power management:

processor	: 7
vendor_id	: GenuineIntel
cpu family	: 6
model		: 58
model name	: Intel(R) Core(TM) i7-3612QM CPU @ 2.10GHz
stepping	: 9
microcode	: 0x12
cpu MHz		: 1200.000
cache size	: 6144 KB
physical id	: 0
siblings	: 8
core id		: 3
cpu cores	: 4
apicid		: 7
initial apicid	: 7
fpu		: yes
fpu_exception	: yes
cpuid level	: 13
wp		: yes
flags		: fpu vme de pse tsc msr pae mce cx8 apic sep mtrr pge mca cmov pat pse36 clflush dts acpi mmx fxsr sse sse2 ss ht tm pbe syscall nx rdtscp lm constant_tsc arch_perfmon pebs bts rep_good nopl xtopology nonstop_tsc aperfmperf eagerfpu pni pclmulqdq dtes64 monitor ds_cpl vmx est tm2 ssse3 cx16 xtpr pdcm pcid sse4_1 sse4_2 x2apic popcnt tsc_deadline_timer aes xsave avx f16c rdrand lahf_lm ida arat epb xsaveopt pln pts dtherm tpr_shadow vnmi flexpriority ept vpid fsgsbase smep erms
bogomips	: 4191.66
clflush size	: 64
cache_alignment	: 64
address sizes	: 36 bits physical, 48 bits virtual
power management:



Memory: 4k page, physical 12192784k(5113500k free), swap 0k(0k free)

vm_info: OpenJDK 64-Bit Server VM (24.0-b40) for linux-amd64 JRE (1.7.0_40-b20), built on Jun 10 2013 19:13:21 by "nobody" with gcc 4.8.1

time: Tue Jun 25 14:51:18 2013
elapsed time: 0 seconds

